Analysis & Synthesis report for medt
Tue May 13 20:53:02 2025
Quartus Prime Version 16.0.0 Build 211 04/27/2016 SJ Lite Edition


---------------------
; Table of Contents ;
---------------------
  1. Legal Notice
  2. Analysis & Synthesis Summary
  3. Analysis & Synthesis Settings
  4. Parallel Compilation
  5. Analysis & Synthesis Source Files Read
  6. Analysis & Synthesis Resource Usage Summary
  7. Analysis & Synthesis Resource Utilization by Entity
  8. State Machine - |medt|procesador_temperatura:U_3|estado
  9. State Machine - |medt|temporizador_lectura:U_1|estado
 10. Registers Removed During Synthesis
 11. General Register Statistics
 12. Inverted Register Statistics
 13. Multiplexer Restructuring Statistics (Restructuring Performed)
 14. Parameter Settings for User Entity Instance: temporizador_lectura:U_1
 15. Parameter Settings for User Entity Instance: interfaz_spi:U_2
 16. Parameter Settings for User Entity Instance: control_displays:U_4
 17. Post-Synthesis Netlist Statistics for Top Partition
 18. Elapsed Time Per Partition
 19. Analysis & Synthesis Messages



----------------
; Legal Notice ;
----------------
Copyright (C) 1991-2016 Altera Corporation. All rights reserved.
Your use of Altera Corporation's design tools, logic functions 
and other software and tools, and its AMPP partner logic 
functions, and any output files from any of the foregoing 
(including device programming or simulation files), and any 
associated documentation or information are expressly subject 
to the terms and conditions of the Altera Program License 
Subscription Agreement, the Altera Quartus Prime License Agreement,
the Altera MegaCore Function License Agreement, or other 
applicable license agreement, including, without limitation, 
that your use is for the sole purpose of programming logic 
devices manufactured by Altera and sold by Altera or its 
authorized distributors.  Please refer to the applicable 
agreement for further details.



+----------------------------------------------------------------------------------+
; Analysis & Synthesis Summary                                                     ;
+------------------------------------+---------------------------------------------+
; Analysis & Synthesis Status        ; Successful - Tue May 13 20:53:02 2025       ;
; Quartus Prime Version              ; 16.0.0 Build 211 04/27/2016 SJ Lite Edition ;
; Revision Name                      ; medt                                        ;
; Top-level Entity Name              ; medt                                        ;
; Family                             ; MAX 10                                      ;
; Total logic elements               ; 473                                         ;
;     Total combinational functions  ; 457                                         ;
;     Dedicated logic registers      ; 122                                         ;
; Total registers                    ; 122                                         ;
; Total pins                         ; 20                                          ;
; Total virtual pins                 ; 0                                           ;
; Total memory bits                  ; 0                                           ;
; Embedded Multiplier 9-bit elements ; 0                                           ;
; Total PLLs                         ; 0                                           ;
; UFM blocks                         ; 0                                           ;
; ADC blocks                         ; 0                                           ;
+------------------------------------+---------------------------------------------+


+----------------------------------------------------------------------------------------------------------------------+
; Analysis & Synthesis Settings                                                                                        ;
+----------------------------------------------------------------------------+--------------------+--------------------+
; Option                                                                     ; Setting            ; Default Value      ;
+----------------------------------------------------------------------------+--------------------+--------------------+
; Device                                                                     ; 10M50DAF484C6GES   ;                    ;
; Top-level entity name                                                      ; medt               ; medt               ;
; Family name                                                                ; MAX 10             ; Cyclone V          ;
; Use smart compilation                                                      ; Off                ; Off                ;
; Enable parallel Assembler and TimeQuest Timing Analyzer during compilation ; On                 ; On                 ;
; Enable compact report table                                                ; Off                ; Off                ;
; Restructure Multiplexers                                                   ; Auto               ; Auto               ;
; Create Debugging Nodes for IP Cores                                        ; Off                ; Off                ;
; Preserve fewer node names                                                  ; On                 ; On                 ;
; Disable OpenCore Plus hardware evaluation                                  ; Off                ; Off                ;
; Verilog Version                                                            ; Verilog_2001       ; Verilog_2001       ;
; VHDL Version                                                               ; VHDL_1993          ; VHDL_1993          ;
; State Machine Processing                                                   ; Auto               ; Auto               ;
; Safe State Machine                                                         ; Off                ; Off                ;
; Extract Verilog State Machines                                             ; On                 ; On                 ;
; Extract VHDL State Machines                                                ; On                 ; On                 ;
; Ignore Verilog initial constructs                                          ; Off                ; Off                ;
; Iteration limit for constant Verilog loops                                 ; 5000               ; 5000               ;
; Iteration limit for non-constant Verilog loops                             ; 250                ; 250                ;
; Add Pass-Through Logic to Inferred RAMs                                    ; On                 ; On                 ;
; Infer RAMs from Raw Logic                                                  ; On                 ; On                 ;
; Parallel Synthesis                                                         ; On                 ; On                 ;
; DSP Block Balancing                                                        ; Auto               ; Auto               ;
; NOT Gate Push-Back                                                         ; On                 ; On                 ;
; Power-Up Don't Care                                                        ; On                 ; On                 ;
; Remove Redundant Logic Cells                                               ; Off                ; Off                ;
; Remove Duplicate Registers                                                 ; On                 ; On                 ;
; Ignore CARRY Buffers                                                       ; Off                ; Off                ;
; Ignore CASCADE Buffers                                                     ; Off                ; Off                ;
; Ignore GLOBAL Buffers                                                      ; Off                ; Off                ;
; Ignore ROW GLOBAL Buffers                                                  ; Off                ; Off                ;
; Ignore LCELL Buffers                                                       ; Off                ; Off                ;
; Ignore SOFT Buffers                                                        ; On                 ; On                 ;
; Limit AHDL Integers to 32 Bits                                             ; Off                ; Off                ;
; Optimization Technique                                                     ; Balanced           ; Balanced           ;
; Carry Chain Length                                                         ; 70                 ; 70                 ;
; Auto Carry Chains                                                          ; On                 ; On                 ;
; Auto Open-Drain Pins                                                       ; On                 ; On                 ;
; Perform WYSIWYG Primitive Resynthesis                                      ; Off                ; Off                ;
; Auto ROM Replacement                                                       ; On                 ; On                 ;
; Auto RAM Replacement                                                       ; On                 ; On                 ;
; Auto DSP Block Replacement                                                 ; On                 ; On                 ;
; Auto Shift Register Replacement                                            ; Auto               ; Auto               ;
; Allow Shift Register Merging across Hierarchies                            ; Auto               ; Auto               ;
; Auto Clock Enable Replacement                                              ; On                 ; On                 ;
; Strict RAM Replacement                                                     ; Off                ; Off                ;
; Allow Synchronous Control Signals                                          ; On                 ; On                 ;
; Force Use of Synchronous Clear Signals                                     ; Off                ; Off                ;
; Auto RAM Block Balancing                                                   ; On                 ; On                 ;
; Auto RAM to Logic Cell Conversion                                          ; Off                ; Off                ;
; Auto Resource Sharing                                                      ; Off                ; Off                ;
; Allow Any RAM Size For Recognition                                         ; Off                ; Off                ;
; Allow Any ROM Size For Recognition                                         ; Off                ; Off                ;
; Allow Any Shift Register Size For Recognition                              ; Off                ; Off                ;
; Use LogicLock Constraints during Resource Balancing                        ; On                 ; On                 ;
; Ignore translate_off and synthesis_off directives                          ; Off                ; Off                ;
; Timing-Driven Synthesis                                                    ; On                 ; On                 ;
; Report Parameter Settings                                                  ; On                 ; On                 ;
; Report Source Assignments                                                  ; On                 ; On                 ;
; Report Connectivity Checks                                                 ; On                 ; On                 ;
; Ignore Maximum Fan-Out Assignments                                         ; Off                ; Off                ;
; Synchronization Register Chain Length                                      ; 2                  ; 2                  ;
; PowerPlay Power Optimization During Synthesis                              ; Normal compilation ; Normal compilation ;
; HDL message level                                                          ; Level2             ; Level2             ;
; Suppress Register Optimization Related Messages                            ; Off                ; Off                ;
; Number of Removed Registers Reported in Synthesis Report                   ; 5000               ; 5000               ;
; Number of Swept Nodes Reported in Synthesis Report                         ; 5000               ; 5000               ;
; Number of Inverted Registers Reported in Synthesis Report                  ; 100                ; 100                ;
; Clock MUX Protection                                                       ; On                 ; On                 ;
; Auto Gated Clock Conversion                                                ; Off                ; Off                ;
; Block Design Naming                                                        ; Auto               ; Auto               ;
; SDC constraint protection                                                  ; Off                ; Off                ;
; Synthesis Effort                                                           ; Auto               ; Auto               ;
; Shift Register Replacement - Allow Asynchronous Clear Signal               ; On                 ; On                 ;
; Pre-Mapping Resynthesis Optimization                                       ; Off                ; Off                ;
; Analysis & Synthesis Message Level                                         ; Medium             ; Medium             ;
; Disable Register Merging Across Hierarchies                                ; Auto               ; Auto               ;
; Resource Aware Inference For Block RAM                                     ; On                 ; On                 ;
; Synthesis Seed                                                             ; 1                  ; 1                  ;
+----------------------------------------------------------------------------+--------------------+--------------------+


Parallel compilation was disabled, but you have multiple processors available. Enable parallel compilation to reduce compilation time.
+-------------------------------------+
; Parallel Compilation                ;
+----------------------------+--------+
; Processors                 ; Number ;
+----------------------------+--------+
; Number detected on machine ; 12     ;
; Maximum allowed            ; 1      ;
+----------------------------+--------+


+-------------------------------------------------------------------------------------------------------------------------------------------------------------------+
; Analysis & Synthesis Source Files Read                                                                                                                            ;
+-----------------------------------+-----------------+-----------------+---------------------------------------------------------------------------------+---------+
; File Name with User-Entered Path  ; Used in Netlist ; File Type       ; File Name with Absolute Path                                                    ; Library ;
+-----------------------------------+-----------------+-----------------+---------------------------------------------------------------------------------+---------+
; ../hdl/temporizador_lectura.vhd   ; yes             ; User VHDL File  ; C:/Users/cristian.cespinoza/Desktop/ProyectoMEDT/hdl/temporizador_lectura.vhd   ;         ;
; ../hdl/procesador_temperatura.vhd ; yes             ; User VHDL File  ; C:/Users/cristian.cespinoza/Desktop/ProyectoMEDT/hdl/procesador_temperatura.vhd ;         ;
; ../hdl/medt.vhd                   ; yes             ; User VHDL File  ; C:/Users/cristian.cespinoza/Desktop/ProyectoMEDT/hdl/medt.vhd                   ;         ;
; ../hdl/interfaz_spi.vhd           ; yes             ; User VHDL File  ; C:/Users/cristian.cespinoza/Desktop/ProyectoMEDT/hdl/interfaz_spi.vhd           ;         ;
; ../hdl/control_displays.vhd       ; yes             ; User VHDL File  ; C:/Users/cristian.cespinoza/Desktop/ProyectoMEDT/hdl/control_displays.vhd       ;         ;
; ../hdl/conf_pulsos.vhd            ; yes             ; User VHDL File  ; C:/Users/cristian.cespinoza/Desktop/ProyectoMEDT/hdl/conf_pulsos.vhd            ;         ;
+-----------------------------------+-----------------+-----------------+---------------------------------------------------------------------------------+---------+


+---------------------------------------------------------+
; Analysis & Synthesis Resource Usage Summary             ;
+---------------------------------------------+-----------+
; Resource                                    ; Usage     ;
+---------------------------------------------+-----------+
; Estimated Total logic elements              ; 473       ;
;                                             ;           ;
; Total combinational functions               ; 457       ;
; Logic element usage by number of LUT inputs ;           ;
;     -- 4 input functions                    ; 204       ;
;     -- 3 input functions                    ; 77        ;
;     -- <=2 input functions                  ; 176       ;
;                                             ;           ;
; Logic elements by mode                      ;           ;
;     -- normal mode                          ; 307       ;
;     -- arithmetic mode                      ; 150       ;
;                                             ;           ;
; Total registers                             ; 122       ;
;     -- Dedicated logic registers            ; 122       ;
;     -- I/O registers                        ; 0         ;
;                                             ;           ;
; I/O pins                                    ; 20        ;
;                                             ;           ;
; Embedded Multiplier 9-bit elements          ; 0         ;
;                                             ;           ;
; Maximum fan-out node                        ; clk~input ;
; Maximum fan-out                             ; 122       ;
; Total fan-out                               ; 1871      ;
; Average fan-out                             ; 3.02      ;
+---------------------------------------------+-----------+


+--------------------------------------------------------------------------------------------------------------------------------------------------------------------------------------------------------------------------------------------------+
; Analysis & Synthesis Resource Utilization by Entity                                                                                                                                                                                              ;
+---------------------------------+-------------------+--------------+-------------+------------+--------------+---------+-----------+------+--------------+------------+----------------------------------+------------------------+--------------+
; Compilation Hierarchy Node      ; LC Combinationals ; LC Registers ; Memory Bits ; UFM Blocks ; DSP Elements ; DSP 9x9 ; DSP 18x18 ; Pins ; Virtual Pins ; ADC blocks ; Full Hierarchy Name              ; Entity Name            ; Library Name ;
+---------------------------------+-------------------+--------------+-------------+------------+--------------+---------+-----------+------+--------------+------------+----------------------------------+------------------------+--------------+
; |medt                           ; 457 (1)           ; 122 (0)      ; 0           ; 0          ; 0            ; 0       ; 0         ; 20   ; 0            ; 0          ; |medt                            ; medt                   ; work         ;
;    |conf_pulsos:U0|             ; 3 (3)             ; 1 (1)        ; 0           ; 0          ; 0            ; 0       ; 0         ; 0    ; 0            ; 0          ; |medt|conf_pulsos:U0             ; conf_pulsos            ; work         ;
;    |control_displays:U_4|       ; 159 (159)         ; 50 (50)      ; 0           ; 0          ; 0            ; 0       ; 0         ; 0    ; 0            ; 0          ; |medt|control_displays:U_4       ; control_displays       ; work         ;
;    |interfaz_spi:U_2|           ; 37 (37)           ; 31 (31)      ; 0           ; 0          ; 0            ; 0       ; 0         ; 0    ; 0            ; 0          ; |medt|interfaz_spi:U_2           ; interfaz_spi           ; work         ;
;    |procesador_temperatura:U_3| ; 204 (204)         ; 3 (3)        ; 0           ; 0          ; 0            ; 0       ; 0         ; 0    ; 0            ; 0          ; |medt|procesador_temperatura:U_3 ; procesador_temperatura ; work         ;
;    |temporizador_lectura:U_1|   ; 53 (53)           ; 37 (37)      ; 0           ; 0          ; 0            ; 0       ; 0         ; 0    ; 0            ; 0          ; |medt|temporizador_lectura:U_1   ; temporizador_lectura   ; work         ;
+---------------------------------+-------------------+--------------+-------------+------------+--------------+---------+-----------+------+--------------+------------+----------------------------------+------------------------+--------------+
Note: For table entries with two numbers listed, the numbers in parentheses indicate the number of resources of the given type used by the specific entity alone. The numbers listed outside of parentheses indicate the total resources of the given type used by the specific entity and all of its sub-entities in the hierarchy.


Encoding Type:  One-Hot
+-----------------------------------------------------------------------------+
; State Machine - |medt|procesador_temperatura:U_3|estado                     ;
+--------------------+-------------------+---------------+--------------------+
; Name               ; estado.fahrenheit ; estado.kelvin ; estado.centigrados ;
+--------------------+-------------------+---------------+--------------------+
; estado.centigrados ; 0                 ; 0             ; 0                  ;
; estado.kelvin      ; 0                 ; 1             ; 1                  ;
; estado.fahrenheit  ; 1                 ; 0             ; 1                  ;
+--------------------+-------------------+---------------+--------------------+


Encoding Type:  One-Hot
+---------------------------------------------------------------------+
; State Machine - |medt|temporizador_lectura:U_1|estado               ;
+-------------+-------------+-------------+-------------+-------------+
; Name        ; estado.T_8s ; estado.T_6s ; estado.T_2s ; estado.T_4s ;
+-------------+-------------+-------------+-------------+-------------+
; estado.T_4s ; 0           ; 0           ; 0           ; 0           ;
; estado.T_2s ; 0           ; 0           ; 1           ; 1           ;
; estado.T_6s ; 0           ; 1           ; 0           ; 1           ;
; estado.T_8s ; 1           ; 0           ; 0           ; 1           ;
+-------------+-------------+-------------+-------------+-------------+


+--------------------------------------------------------------------------------+
; Registers Removed During Synthesis                                             ;
+---------------------------------------+----------------------------------------+
; Register name                         ; Reason for Removal                     ;
+---------------------------------------+----------------------------------------+
; temporizador_lectura:U_1|T_tic_spi[0] ; Stuck at GND due to stuck port data_in ;
; Total Number of Removed Registers = 1 ;                                        ;
+---------------------------------------+----------------------------------------+


+------------------------------------------------------+
; General Register Statistics                          ;
+----------------------------------------------+-------+
; Statistic                                    ; Value ;
+----------------------------------------------+-------+
; Total registers                              ; 122   ;
; Number of registers using Synchronous Clear  ; 0     ;
; Number of registers using Synchronous Load   ; 27    ;
; Number of registers using Asynchronous Clear ; 122   ;
; Number of registers using Asynchronous Load  ; 0     ;
; Number of registers using Clock Enable       ; 31    ;
; Number of registers using Preset             ; 0     ;
+----------------------------------------------+-------+


+--------------------------------------------------+
; Inverted Register Statistics                     ;
+----------------------------------------+---------+
; Inverted Register                      ; Fan out ;
+----------------------------------------+---------+
; interfaz_spi:U_2|CS                    ; 6       ;
; interfaz_spi:U_2|CL                    ; 5       ;
; control_displays:U_4|sel_display[3]    ; 6       ;
; control_displays:U_4|sel_display[1]    ; 15      ;
; control_displays:U_4|sel_display[2]    ; 9       ;
; temporizador_lectura:U_1|T_tic_spi[2]  ; 6       ;
; control_displays:U_4|sel_display[4]    ; 8       ;
; control_displays:U_4|sel_display[5]    ; 4       ;
; interfaz_spi:U_2|cnt_pulsos_clk[0]     ; 3       ;
; Total number of inverted registers = 9 ;         ;
+----------------------------------------+---------+


+-------------------------------------------------------------------------------------------------------------------------------------------------------------------+
; Multiplexer Restructuring Statistics (Restructuring Performed)                                                                                                    ;
+--------------------+-----------+---------------+----------------------+------------------------+------------+-----------------------------------------------------+
; Multiplexer Inputs ; Bus Width ; Baseline Area ; Area if Restructured ; Saving if Restructured ; Registered ; Example Multiplexer Output                          ;
+--------------------+-----------+---------------+----------------------+------------------------+------------+-----------------------------------------------------+
; 3:1                ; 5 bits    ; 10 LEs        ; 5 LEs                ; 5 LEs                  ; Yes        ; |medt|interfaz_spi:U_2|cnt_pulsos_clk[2]            ;
; 3:1                ; 9 bits    ; 18 LEs        ; 9 LEs                ; 9 LEs                  ; Yes        ; |medt|interfaz_spi:U_2|reg_SDAT[1]                  ;
; 3:1                ; 27 bits   ; 54 LEs        ; 27 LEs               ; 27 LEs                 ; Yes        ; |medt|temporizador_lectura:U_1|cnt_pulsos_clk[24]   ;
; 4:1                ; 3 bits    ; 6 LEs         ; 3 LEs                ; 3 LEs                  ; Yes        ; |medt|temporizador_lectura:U_1|cnt_2seg[0]          ;
; 4:1                ; 26 bits   ; 52 LEs        ; 52 LEs               ; 0 LEs                  ; Yes        ; |medt|control_displays:U_4|cnt_1seg[0]              ;
; 5:1                ; 4 bits    ; 12 LEs        ; 8 LEs                ; 4 LEs                  ; Yes        ; |medt|interfaz_spi:U_2|cnt_pulsos_CL[2]             ;
; 3:1                ; 10 bits   ; 20 LEs        ; 20 LEs               ; 0 LEs                  ; No         ; |medt|procesador_temperatura:U_3|Add0               ;
; 3:1                ; 10 bits   ; 20 LEs        ; 20 LEs               ; 0 LEs                  ; No         ; |medt|procesador_temperatura:U_3|temp_F[8]          ;
; 8:1                ; 5 bits    ; 25 LEs        ; 15 LEs               ; 10 LEs                 ; No         ; |medt|procesador_temperatura:U_3|aux_temp_BCD_DU[4] ;
; 4:1                ; 9 bits    ; 18 LEs        ; 18 LEs               ; 0 LEs                  ; No         ; |medt|procesador_temperatura:U_3|temp_abs[4]        ;
+--------------------+-----------+---------------+----------------------+------------------------+------------+-----------------------------------------------------+


+-----------------------------------------------------------------------+
; Parameter Settings for User Entity Instance: temporizador_lectura:U_1 ;
+----------------+-----------+------------------------------------------+
; Parameter Name ; Value     ; Type                                     ;
+----------------+-----------+------------------------------------------+
; periodo_2s     ; 100000000 ; Signed Integer                           ;
+----------------+-----------+------------------------------------------+
Note: In order to hide this table in the UI and the text report file, please set the "Show Parameter Settings in Synthesis Report" option in "Analysis and Synthesis Settings -> More Settings" to "Off".


+---------------------------------------------------------------+
; Parameter Settings for User Entity Instance: interfaz_spi:U_2 ;
+----------------+-------+--------------------------------------+
; Parameter Name ; Value ; Type                                 ;
+----------------+-------+--------------------------------------+
; t_cl_toggle    ; 25    ; Signed Integer                       ;
+----------------+-------+--------------------------------------+
Note: In order to hide this table in the UI and the text report file, please set the "Show Parameter Settings in Synthesis Report" option in "Analysis and Synthesis Settings -> More Settings" to "Off".


+-------------------------------------------------------------------+
; Parameter Settings for User Entity Instance: control_displays:U_4 ;
+----------------+----------+---------------------------------------+
; Parameter Name ; Value    ; Type                                  ;
+----------------+----------+---------------------------------------+
; segundo        ; 50000000 ; Signed Integer                        ;
; cambio_display ; 250000   ; Signed Integer                        ;
+----------------+----------+---------------------------------------+
Note: In order to hide this table in the UI and the text report file, please set the "Show Parameter Settings in Synthesis Report" option in "Analysis and Synthesis Settings -> More Settings" to "Off".


+-----------------------------------------------------+
; Post-Synthesis Netlist Statistics for Top Partition ;
+-----------------------+-----------------------------+
; Type                  ; Count                       ;
+-----------------------+-----------------------------+
; boundary_port         ; 20                          ;
; cycloneiii_ff         ; 122                         ;
;     CLR               ; 64                          ;
;     CLR SLD           ; 27                          ;
;     ENA CLR           ; 31                          ;
; cycloneiii_lcell_comb ; 470                         ;
;     arith             ; 150                         ;
;         2 data inputs ; 112                         ;
;         3 data inputs ; 38                          ;
;     normal            ; 320                         ;
;         0 data inputs ; 3                           ;
;         1 data inputs ; 20                          ;
;         2 data inputs ; 54                          ;
;         3 data inputs ; 39                          ;
;         4 data inputs ; 204                         ;
;                       ;                             ;
; Max LUT depth         ; 28.60                       ;
; Average LUT depth     ; 14.62                       ;
+-----------------------+-----------------------------+


+-------------------------------+
; Elapsed Time Per Partition    ;
+----------------+--------------+
; Partition Name ; Elapsed Time ;
+----------------+--------------+
; Top            ; 00:00:01     ;
+----------------+--------------+


+-------------------------------+
; Analysis & Synthesis Messages ;
+-------------------------------+
Info: *******************************************************************
Info: Running Quartus Prime Analysis & Synthesis
    Info: Version 16.0.0 Build 211 04/27/2016 SJ Lite Edition
    Info: Processing started: Tue May 13 20:52:53 2025
Info: Command: quartus_map --read_settings_files=on --write_settings_files=off medt -c medt
Warning (20028): Parallel compilation is not licensed and has been disabled
Info (12021): Found 2 design units, including 1 entities, in source file /users/cristian.cespinoza/desktop/proyectomedt/hdl/temporizador_lectura.vhd
    Info (12022): Found design unit 1: temporizador_lectura-rtl File: C:/Users/cristian.cespinoza/Desktop/ProyectoMEDT/hdl/temporizador_lectura.vhd Line: 19
    Info (12023): Found entity 1: temporizador_lectura File: C:/Users/cristian.cespinoza/Desktop/ProyectoMEDT/hdl/temporizador_lectura.vhd Line: 8
Info (12021): Found 2 design units, including 1 entities, in source file /users/cristian.cespinoza/desktop/proyectomedt/hdl/procesador_temperatura.vhd
    Info (12022): Found design unit 1: procesador_temperatura-rtl File: C:/Users/cristian.cespinoza/Desktop/ProyectoMEDT/hdl/procesador_temperatura.vhd Line: 19
    Info (12023): Found entity 1: procesador_temperatura File: C:/Users/cristian.cespinoza/Desktop/ProyectoMEDT/hdl/procesador_temperatura.vhd Line: 7
Info (12021): Found 2 design units, including 1 entities, in source file /users/cristian.cespinoza/desktop/proyectomedt/hdl/medt.vhd
    Info (12022): Found design unit 1: medt-estructural File: C:/Users/cristian.cespinoza/Desktop/ProyectoMEDT/hdl/medt.vhd Line: 21
    Info (12023): Found entity 1: medt File: C:/Users/cristian.cespinoza/Desktop/ProyectoMEDT/hdl/medt.vhd Line: 7
Info (12021): Found 2 design units, including 1 entities, in source file /users/cristian.cespinoza/desktop/proyectomedt/hdl/interfaz_spi.vhd
    Info (12022): Found design unit 1: interfaz_spi-rtl File: C:/Users/cristian.cespinoza/Desktop/ProyectoMEDT/hdl/interfaz_spi.vhd Line: 21
    Info (12023): Found entity 1: interfaz_spi File: C:/Users/cristian.cespinoza/Desktop/ProyectoMEDT/hdl/interfaz_spi.vhd Line: 7
Info (12021): Found 2 design units, including 1 entities, in source file /users/cristian.cespinoza/desktop/proyectomedt/hdl/control_displays.vhd
    Info (12022): Found design unit 1: control_displays-rtl File: C:/Users/cristian.cespinoza/Desktop/ProyectoMEDT/hdl/control_displays.vhd Line: 35
    Info (12023): Found entity 1: control_displays File: C:/Users/cristian.cespinoza/Desktop/ProyectoMEDT/hdl/control_displays.vhd Line: 19
Info (12021): Found 2 design units, including 1 entities, in source file /users/cristian.cespinoza/desktop/proyectomedt/hdl/conf_pulsos.vhd
    Info (12022): Found design unit 1: conf_pulsos-rtl File: C:/Users/cristian.cespinoza/Desktop/ProyectoMEDT/hdl/conf_pulsos.vhd Line: 19
    Info (12023): Found entity 1: conf_pulsos File: C:/Users/cristian.cespinoza/Desktop/ProyectoMEDT/hdl/conf_pulsos.vhd Line: 8
Info (12127): Elaborating entity "medt" for the top level hierarchy
Info (12129): Elaborating entity "conf_pulsos" using architecture "A:rtl" for hierarchy "conf_pulsos:U0" File: C:/Users/cristian.cespinoza/Desktop/ProyectoMEDT/hdl/medt.vhd Line: 38
Info (12129): Elaborating entity "temporizador_lectura" using architecture "A:rtl" for hierarchy "temporizador_lectura:U_1" File: C:/Users/cristian.cespinoza/Desktop/ProyectoMEDT/hdl/medt.vhd Line: 49
Info (12129): Elaborating entity "interfaz_spi" using architecture "A:rtl" for hierarchy "interfaz_spi:U_2" File: C:/Users/cristian.cespinoza/Desktop/ProyectoMEDT/hdl/medt.vhd Line: 60
Info (12129): Elaborating entity "procesador_temperatura" using architecture "A:rtl" for hierarchy "procesador_temperatura:U_3" File: C:/Users/cristian.cespinoza/Desktop/ProyectoMEDT/hdl/medt.vhd Line: 73
Info (12129): Elaborating entity "control_displays" using architecture "A:rtl" for hierarchy "control_displays:U_4" File: C:/Users/cristian.cespinoza/Desktop/ProyectoMEDT/hdl/medt.vhd Line: 85
Info (13000): Registers with preset signals will power-up high File: C:/Users/cristian.cespinoza/Desktop/ProyectoMEDT/hdl/interfaz_spi.vhd Line: 14
Info (13003): DEV_CLRn pin will set, and not reset, register with preset signal due to NOT Gate Push-Back
Info (286030): Timing-Driven Synthesis is running
Info (16010): Generating hard_block partition "hard_block:auto_generated_inst"
    Info (16011): Adding 0 node(s), including 0 DDIO, 0 PLL, 0 transceiver and 0 LCELL
Info (21057): Implemented 494 device resources after synthesis - the final resource count might be different
    Info (21058): Implemented 5 input pins
    Info (21059): Implemented 15 output pins
    Info (21061): Implemented 474 logic cells
Info: Quartus Prime Analysis & Synthesis was successful. 0 errors, 1 warning
    Info: Peak virtual memory: 4999 megabytes
    Info: Processing ended: Tue May 13 20:53:02 2025
    Info: Elapsed time: 00:00:09
    Info: Total CPU time (on all processors): 00:00:14


